<?xml version="1.0" encoding="UTF-8"?>
<testsuite name="ListExtensionTest" tests="7" skipped="0" failures="0" errors="0" timestamp="2020-09-12T16:35:46" hostname="adminnoMacBook-Pro.local" time="0.019">
  <properties/>
  <testcase name="appendTest" classname="ListExtensionTest" time="0.016"/>
  <testcase name="concatTest" classname="ListExtensionTest" time="0.0"/>
  <testcase name="headTest" classname="ListExtensionTest" time="0.0"/>
  <testcase name="rangeTest" classname="ListExtensionTest" time="0.001"/>
  <testcase name="singletonTest" classname="ListExtensionTest" time="0.0"/>
  <testcase name="tailTest" classname="ListExtensionTest" time="0.0"/>
  <testcase name="repeatTest" classname="ListExtensionTest" time="0.0"/>
  <system-out><![CDATA[]]></system-out>
  <system-err><![CDATA[]]></system-err>
</testsuite>
